<?xml version="1.0" encoding="UTF-8"?>
<testng-results skipped="0" failed="0" total="1" passed="1">
  <reporter-output>
  </reporter-output>
  <suite name="Default suite" duration-ms="27806" started-at="2014-03-10T06:27:35Z" finished-at="2014-03-10T06:28:02Z">
    <groups>
    </groups>
    <test name="Default test" duration-ms="27806" started-at="2014-03-10T06:27:35Z" finished-at="2014-03-10T06:28:02Z">
      <class name="HelloWorld">
        <test-method status="PASS" signature="testGoogle()[pri:0, instance:HelloWorld@1e677aca]" name="testGoogle" duration-ms="27790" started-at="2014-03-10T11:57:35Z" finished-at="2014-03-10T11:58:02Z">
          <reporter-output>
          </reporter-output>
        </test-method> <!-- testGoogle -->
      </class> <!-- HelloWorld -->
    </test> <!-- Default test -->
  </suite> <!-- Default suite -->
</testng-results>
